This file contains any messages produced by compilers while
running configure, to aid debugging if configure makes a mistake.

It was created by libsodium configure 1.0.17, which was
generated by GNU Autoconf 2.69.  Invocation command line was

  $ ./configure --disable-shared --prefix=/Users/qxc/go/src/awesome-algo/crypto/

## --------- ##
## Platform. ##
## --------- ##

hostname = qxcs-MacBook-Pro.local
uname -m = x86_64
uname -r = 18.6.0
uname -s = Darwin
uname -v = Darwin Kernel Version 18.6.0: Thu Apr 25 23:16:27 PDT 2019; root:xnu-4903.261.4~2/RELEASE_X86_64

/usr/bin/uname -p = i386
/bin/uname -X     = unknown

/bin/arch              = unknown
/usr/bin/arch -k       = unknown
/usr/convex/getsysinfo = unknown
/usr/bin/hostinfo      = Mach kernel version:
	 Darwin Kernel Version 18.6.0: Thu Apr 25 23:16:27 PDT 2019; root:xnu-4903.261.4~2/RELEASE_X86_64
Kernel configured for up to 4 processors.
2 processors are physically available.
4 processors are logically available.
Processor type: x86_64h (Intel x86-64h Haswell)
Processors active: 0 1 2 3
Primary memory available: 8.00 gigabytes
Default processor set: 356 tasks, 1857 threads, 4 processors
Load average: 3.04, Mach factor: 1.58
/bin/machine           = unknown
/usr/bin/oslevel       = unknown
/bin/universe          = unknown

PATH: /usr/local/bin
PATH: /usr/bin
PATH: /bin
PATH: /usr/sbin
PATH: /sbin
PATH: /usr/local/go/bin
PATH: /Users/qxc/go/bin
PATH: /Users/qxc/bin
PATH: /Users/qxc/go/bin
PATH: /Users/qxc/bin
PATH: /Users/qxc/go/bin
PATH: /Users/qxc/bin


## ----------- ##
## Core tests. ##
## ----------- ##

configure:2431: checking build system type
configure:2445: result: x86_64-apple-darwin18.6.0
configure:2465: checking host system type
configure:2478: result: x86_64-apple-darwin18.6.0
configure:2514: checking for a BSD-compatible install
configure:2582: result: /usr/bin/install -c
configure:2593: checking whether build environment is sane
configure:2648: result: yes
configure:2799: checking for a thread-safe mkdir -p
configure:2838: result: build-aux/install-sh -c -d
configure:2845: checking for gawk
configure:2875: result: no
configure:2845: checking for mawk
configure:2875: result: no
configure:2845: checking for nawk
configure:2875: result: no
configure:2845: checking for awk
configure:2861: found /usr/bin/awk
configure:2872: result: awk
configure:2883: checking whether make sets $(MAKE)
configure:2905: result: yes
configure:2934: checking whether make supports nested variables
configure:2951: result: yes
configure:3040: checking whether UID '501' is supported by ustar format
configure:3043: result: yes
configure:3050: checking whether GID '20' is supported by ustar format
configure:3053: result: yes
configure:3061: checking how to create a ustar tar archive
configure:3072: tar --version
bsdtar 2.8.3 - libarchive 2.8.3
configure:3075: $? = 0
configure:3115: tardir=conftest.dir && eval tar --format=ustar -chf - "$tardir" >conftest.tar
configure:3118: $? = 0
configure:3122: tar -xf - <conftest.tar
configure:3125: $? = 0
configure:3127: cat conftest.dir/file
GrepMe
configure:3130: $? = 0
configure:3143: result: gnutar
configure:3204: checking whether make supports nested variables
configure:3221: result: yes
configure:3233: checking whether to enable maintainer-specific portions of Makefiles
configure:3242: result: no
configure:3352: checking whether make supports the include directive
configure:3367: make -f confmf.GNU && cat confinc.out
this is the am__doit target
configure:3370: $? = 0
configure:3389: result: yes (GNU style)
configure:3440: checking for gcc
configure:3456: found /usr/bin/gcc
configure:3467: result: gcc
configure:3696: checking for C compiler version
configure:3705: gcc --version >&5
Apple LLVM version 10.0.1 (clang-1001.0.46.4)
Target: x86_64-apple-darwin18.6.0
Thread model: posix
InstalledDir: /Applications/Xcode.app/Contents/Developer/Toolchains/XcodeDefault.xctoolchain/usr/bin
Configured with: --prefix=/Applications/Xcode.app/Contents/Developer/usr --with-gxx-include-dir=/Applications/Xcode.app/Contents/Developer/Platforms/MacOSX.platform/Developer/SDKs/MacOSX10.14.sdk/usr/include/c++/4.2.1
configure:3716: $? = 0
configure:3705: gcc -v >&5
Configured with: --prefix=/Applications/Xcode.app/Contents/Developer/usr --with-gxx-include-dir=/Applications/Xcode.app/Contents/Developer/Platforms/MacOSX.platform/Developer/SDKs/MacOSX10.14.sdk/usr/include/c++/4.2.1
Apple LLVM version 10.0.1 (clang-1001.0.46.4)
Target: x86_64-apple-darwin18.6.0
Thread model: posix
InstalledDir: /Applications/Xcode.app/Contents/Developer/Toolchains/XcodeDefault.xctoolchain/usr/bin
configure:3716: $? = 0
configure:3705: gcc -V >&5
clang: error: unsupported option '-V -Wno-atomic-implicit-seq-cst'
clang: error: no input files
configure:3716: $? = 1
configure:3705: gcc -qversion >&5
clang: error: unknown argument '-qversion', did you mean '--version'?
clang: error: no input files
configure:3716: $? = 1
configure:3736: checking whether the C compiler works
configure:3758: gcc    conftest.c  >&5
configure:3762: $? = 0
configure:3810: result: yes
configure:3813: checking for C compiler default output file name
configure:3815: result: a.out
configure:3821: checking for suffix of executables
configure:3828: gcc -o conftest    conftest.c  >&5
configure:3832: $? = 0
configure:3854: result: 
configure:3876: checking whether we are cross compiling
configure:3884: gcc -o conftest    conftest.c  >&5
configure:3888: $? = 0
configure:3895: ./conftest
configure:3899: $? = 0
configure:3914: result: no
configure:3919: checking for suffix of object files
configure:3941: gcc -c   conftest.c >&5
configure:3945: $? = 0
configure:3966: result: o
configure:3970: checking whether we are using the GNU C compiler
configure:3989: gcc -c   conftest.c >&5
configure:3989: $? = 0
configure:3998: result: yes
configure:4007: checking whether gcc accepts -g
configure:4027: gcc -c -g  conftest.c >&5
configure:4027: $? = 0
configure:4068: result: yes
configure:4085: checking for gcc option to accept ISO C89
configure:4148: gcc  -c -g -O2  conftest.c >&5
configure:4148: $? = 0
configure:4161: result: none needed
configure:4186: checking whether gcc understands -c and -o together
configure:4208: gcc -c conftest.c -o conftest2.o
configure:4211: $? = 0
configure:4208: gcc -c conftest.c -o conftest2.o
configure:4211: $? = 0
configure:4223: result: yes
configure:4242: checking dependency style of gcc
configure:4353: result: gcc3
configure:4497: checking for a sed that does not truncate output
configure:4561: result: /usr/bin/sed
configure:4571: checking how to run the C preprocessor
configure:4602: gcc -E  conftest.c
configure:4602: $? = 0
configure:4616: gcc -E  conftest.c
conftest.c:11:10: fatal error: 'ac_nonexistent.h' file not found
#include <ac_nonexistent.h>
         ^~~~~~~~~~~~~~~~~~
1 error generated.
configure:4616: $? = 1
configure: failed program was:
| /* confdefs.h */
| #define PACKAGE_NAME "libsodium"
| #define PACKAGE_TARNAME "libsodium"
| #define PACKAGE_VERSION "1.0.17"
| #define PACKAGE_STRING "libsodium 1.0.17"
| #define PACKAGE_BUGREPORT "https://github.com/jedisct1/libsodium/issues"
| #define PACKAGE_URL "https://github.com/jedisct1/libsodium"
| #define PACKAGE "libsodium"
| #define VERSION "1.0.17"
| /* end confdefs.h.  */
| #include <ac_nonexistent.h>
configure:4641: result: gcc -E
configure:4661: gcc -E  conftest.c
configure:4661: $? = 0
configure:4675: gcc -E  conftest.c
conftest.c:11:10: fatal error: 'ac_nonexistent.h' file not found
#include <ac_nonexistent.h>
         ^~~~~~~~~~~~~~~~~~
1 error generated.
configure:4675: $? = 1
configure: failed program was:
| /* confdefs.h */
| #define PACKAGE_NAME "libsodium"
| #define PACKAGE_TARNAME "libsodium"
| #define PACKAGE_VERSION "1.0.17"
| #define PACKAGE_STRING "libsodium 1.0.17"
| #define PACKAGE_BUGREPORT "https://github.com/jedisct1/libsodium/issues"
| #define PACKAGE_URL "https://github.com/jedisct1/libsodium"
| #define PACKAGE "libsodium"
| #define VERSION "1.0.17"
| /* end confdefs.h.  */
| #include <ac_nonexistent.h>
configure:4704: checking for grep that handles long lines and -e
configure:4762: result: /usr/bin/grep
configure:4767: checking for egrep
configure:4829: result: /usr/bin/grep -E
configure:5019: checking whether gcc is Clang
configure:5044: result: yes
configure:5091: checking whether Clang needs flag to prevent "argument unused" warning when linking with -pthread
configure:5116: gcc -o conftest -Werror -Wunknown-warning-option  -pthread -g -O2   conftest.c  >&5
configure:5116: $? = 0
configure:5122: (gcc -c -Werror -Wunknown-warning-option  -pthread -g -O2  conftest.c >&5) && (echo ==== >&5) && (gcc -o conftest -Werror -Wunknown-warning-option  -pthread -g -O2   conftest.o  >&5)
====
configure:5122: $? = 0
configure:5140: result: no
configure:5289: checking for joinable pthread attribute
configure:5307: gcc -o conftest -g -O2 -pthread   conftest.c   >&5
configure:5307: $? = 0
configure:5315: result: PTHREAD_CREATE_JOINABLE
configure:5329: checking whether more special flags are required for pthreads
configure:5342: result: no
configure:5350: checking for PTHREAD_PRIO_INHERIT
configure:5366: gcc -o conftest -g -O2 -pthread   conftest.c   >&5
configure:5366: $? = 0
configure:5375: result: yes
configure:6316: checking for gcc option to accept ISO C99
configure:6465: gcc  -c -g -O2 -pthread  conftest.c >&5
configure:6465: $? = 0
configure:6478: result: none needed
configure:6502: checking dependency style of gcc
configure:6611: result: gcc3
configure:6626: checking for ANSI C header files
configure:6646: gcc -c -g -O2 -pthread  conftest.c >&5
configure:6646: $? = 0
configure:6719: gcc -o conftest -g -O2 -pthread   conftest.c   >&5
configure:6719: $? = 0
configure:6719: ./conftest
configure:6719: $? = 0
configure:6730: result: yes
configure:6743: checking for sys/types.h
configure:6743: gcc -c -g -O2 -pthread  conftest.c >&5
configure:6743: $? = 0
configure:6743: result: yes
configure:6743: checking for sys/stat.h
configure:6743: gcc -c -g -O2 -pthread  conftest.c >&5
configure:6743: $? = 0
configure:6743: result: yes
configure:6743: checking for stdlib.h
configure:6743: gcc -c -g -O2 -pthread  conftest.c >&5
configure:6743: $? = 0
configure:6743: result: yes
configure:6743: checking for string.h
configure:6743: gcc -c -g -O2 -pthread  conftest.c >&5
configure:6743: $? = 0
configure:6743: result: yes
configure:6743: checking for memory.h
configure:6743: gcc -c -g -O2 -pthread  conftest.c >&5
configure:6743: $? = 0
configure:6743: result: yes
configure:6743: checking for strings.h
configure:6743: gcc -c -g -O2 -pthread  conftest.c >&5
configure:6743: $? = 0
configure:6743: result: yes
configure:6743: checking for inttypes.h
configure:6743: gcc -c -g -O2 -pthread  conftest.c >&5
configure:6743: $? = 0
configure:6743: result: yes
configure:6743: checking for stdint.h
configure:6743: gcc -c -g -O2 -pthread  conftest.c >&5
configure:6743: $? = 0
configure:6743: result: yes
configure:6743: checking for unistd.h
configure:6743: gcc -c -g -O2 -pthread  conftest.c >&5
configure:6743: $? = 0
configure:6743: result: yes
configure:6756: checking minix/config.h usability
configure:6756: gcc -c -g -O2 -pthread  conftest.c >&5
conftest.c:56:10: fatal error: 'minix/config.h' file not found
#include <minix/config.h>
         ^~~~~~~~~~~~~~~~
1 error generated.
configure:6756: $? = 1
configure: failed program was:
| /* confdefs.h */
| #define PACKAGE_NAME "libsodium"
| #define PACKAGE_TARNAME "libsodium"
| #define PACKAGE_VERSION "1.0.17"
| #define PACKAGE_STRING "libsodium 1.0.17"
| #define PACKAGE_BUGREPORT "https://github.com/jedisct1/libsodium/issues"
| #define PACKAGE_URL "https://github.com/jedisct1/libsodium"
| #define PACKAGE "libsodium"
| #define VERSION "1.0.17"
| #define HAVE_PTHREAD_PRIO_INHERIT 1
| #define HAVE_PTHREAD 1
| #define STDC_HEADERS 1
| #define HAVE_SYS_TYPES_H 1
| #define HAVE_SYS_STAT_H 1
| #define HAVE_STDLIB_H 1
| #define HAVE_STRING_H 1
| #define HAVE_MEMORY_H 1
| #define HAVE_STRINGS_H 1
| #define HAVE_INTTYPES_H 1
| #define HAVE_STDINT_H 1
| #define HAVE_UNISTD_H 1
| /* end confdefs.h.  */
| #include <stdio.h>
| #ifdef HAVE_SYS_TYPES_H
| # include <sys/types.h>
| #endif
| #ifdef HAVE_SYS_STAT_H
| # include <sys/stat.h>
| #endif
| #ifdef STDC_HEADERS
| # include <stdlib.h>
| # include <stddef.h>
| #else
| # ifdef HAVE_STDLIB_H
| #  include <stdlib.h>
| # endif
| #endif
| #ifdef HAVE_STRING_H
| # if !defined STDC_HEADERS && defined HAVE_MEMORY_H
| #  include <memory.h>
| # endif
| # include <string.h>
| #endif
| #ifdef HAVE_STRINGS_H
| # include <strings.h>
| #endif
| #ifdef HAVE_INTTYPES_H
| # include <inttypes.h>
| #endif
| #ifdef HAVE_STDINT_H
| # include <stdint.h>
| #endif
| #ifdef HAVE_UNISTD_H
| # include <unistd.h>
| #endif
| #include <minix/config.h>
configure:6756: result: no
configure:6756: checking minix/config.h presence
configure:6756: gcc -E  conftest.c
conftest.c:23:10: fatal error: 'minix/config.h' file not found
#include <minix/config.h>
         ^~~~~~~~~~~~~~~~
1 error generated.
configure:6756: $? = 1
configure: failed program was:
| /* confdefs.h */
| #define PACKAGE_NAME "libsodium"
| #define PACKAGE_TARNAME "libsodium"
| #define PACKAGE_VERSION "1.0.17"
| #define PACKAGE_STRING "libsodium 1.0.17"
| #define PACKAGE_BUGREPORT "https://github.com/jedisct1/libsodium/issues"
| #define PACKAGE_URL "https://github.com/jedisct1/libsodium"
| #define PACKAGE "libsodium"
| #define VERSION "1.0.17"
| #define HAVE_PTHREAD_PRIO_INHERIT 1
| #define HAVE_PTHREAD 1
| #define STDC_HEADERS 1
| #define HAVE_SYS_TYPES_H 1
| #define HAVE_SYS_STAT_H 1
| #define HAVE_STDLIB_H 1
| #define HAVE_STRING_H 1
| #define HAVE_MEMORY_H 1
| #define HAVE_STRINGS_H 1
| #define HAVE_INTTYPES_H 1
| #define HAVE_STDINT_H 1
| #define HAVE_UNISTD_H 1
| /* end confdefs.h.  */
| #include <minix/config.h>
configure:6756: result: no
configure:6756: checking for minix/config.h
configure:6756: result: no
configure:6777: checking whether it is safe to define __EXTENSIONS__
configure:6795: gcc -c -g -O2 -pthread  conftest.c >&5
configure:6795: $? = 0
configure:6802: result: yes
configure:6817: checking for variable-length arrays
configure:6833: gcc -c -g -O2 -pthread  conftest.c >&5
configure:6833: $? = 0
configure:6840: result: yes
configure:6850: checking for __native_client__ defined
configure:6872: gcc -c -g -O2 -pthread  conftest.c >&5
conftest.c:37:3: error: use of undeclared identifier 'choke'
  choke me
  ^
1 error generated.
configure:6872: $? = 1
configure: failed program was:
| /* confdefs.h */
| #define PACKAGE_NAME "libsodium"
| #define PACKAGE_TARNAME "libsodium"
| #define PACKAGE_VERSION "1.0.17"
| #define PACKAGE_STRING "libsodium 1.0.17"
| #define PACKAGE_BUGREPORT "https://github.com/jedisct1/libsodium/issues"
| #define PACKAGE_URL "https://github.com/jedisct1/libsodium"
| #define PACKAGE "libsodium"
| #define VERSION "1.0.17"
| #define HAVE_PTHREAD_PRIO_INHERIT 1
| #define HAVE_PTHREAD 1
| #define STDC_HEADERS 1
| #define HAVE_SYS_TYPES_H 1
| #define HAVE_SYS_STAT_H 1
| #define HAVE_STDLIB_H 1
| #define HAVE_STRING_H 1
| #define HAVE_MEMORY_H 1
| #define HAVE_STRINGS_H 1
| #define HAVE_INTTYPES_H 1
| #define HAVE_STDINT_H 1
| #define HAVE_UNISTD_H 1
| #define __EXTENSIONS__ 1
| #define _ALL_SOURCE 1
| #define _GNU_SOURCE 1
| #define _POSIX_PTHREAD_SEMANTICS 1
| #define _TANDEM_SOURCE 1
| #define HAVE_C_VARARRAYS 1
| /* end confdefs.h.  */
| 
| int
| main ()
| {
| 
|   #ifdef __native_client__
|   int ok;
|   #else
|   choke me
|   #endif
| 
|   ;
|   return 0;
| }
configure:6879: result: no
configure:6886: checking for _FORTIFY_SOURCE defined
configure:6908: gcc -c -g -O2 -pthread  conftest.c >&5
conftest.c:37:3: error: use of undeclared identifier 'choke'
  choke me
  ^
1 error generated.
configure:6908: $? = 1
configure: failed program was:
| /* confdefs.h */
| #define PACKAGE_NAME "libsodium"
| #define PACKAGE_TARNAME "libsodium"
| #define PACKAGE_VERSION "1.0.17"
| #define PACKAGE_STRING "libsodium 1.0.17"
| #define PACKAGE_BUGREPORT "https://github.com/jedisct1/libsodium/issues"
| #define PACKAGE_URL "https://github.com/jedisct1/libsodium"
| #define PACKAGE "libsodium"
| #define VERSION "1.0.17"
| #define HAVE_PTHREAD_PRIO_INHERIT 1
| #define HAVE_PTHREAD 1
| #define STDC_HEADERS 1
| #define HAVE_SYS_TYPES_H 1
| #define HAVE_SYS_STAT_H 1
| #define HAVE_STDLIB_H 1
| #define HAVE_STRING_H 1
| #define HAVE_MEMORY_H 1
| #define HAVE_STRINGS_H 1
| #define HAVE_INTTYPES_H 1
| #define HAVE_STDINT_H 1
| #define HAVE_UNISTD_H 1
| #define __EXTENSIONS__ 1
| #define _ALL_SOURCE 1
| #define _GNU_SOURCE 1
| #define _POSIX_PTHREAD_SEMANTICS 1
| #define _TANDEM_SOURCE 1
| #define HAVE_C_VARARRAYS 1
| /* end confdefs.h.  */
| 
| int
| main ()
| {
| 
|   #ifdef _FORTIFY_SOURCE
|   int ok;
|   #else
|   choke me
|   #endif
| 
|   ;
|   return 0;
| }
configure:6915: result: no
configure:6921: checking whether C compiler accepts -D_FORTIFY_SOURCE=2
configure:6940: gcc -o conftest -g -O2 -pthread  -D_FORTIFY_SOURCE=2   conftest.c   >&5
configure:6940: $? = 0
configure:6949: result: yes
configure:6960: checking whether C compiler accepts -fvisibility=hidden
configure:6979: gcc -o conftest -g -O2 -pthread  -fvisibility=hidden  -D_FORTIFY_SOURCE=2  conftest.c   >&5
configure:6979: $? = 0
configure:6988: result: yes
configure:7002: checking whether C compiler accepts -fPIC
configure:7021: gcc -o conftest -g -O2 -pthread -fvisibility=hidden  -fPIC  -D_FORTIFY_SOURCE=2  conftest.c   >&5
configure:7021: $? = 0
configure:7030: result: yes
configure:7043: checking whether C compiler accepts -fPIE
configure:7062: gcc -o conftest -g -O2 -pthread -fvisibility=hidden -fPIC  -fPIE  -D_FORTIFY_SOURCE=2  conftest.c   >&5
configure:7062: $? = 0
configure:7071: result: yes
configure:7075: checking whether the linker accepts -pie
configure:7094: gcc -o conftest -g -O2 -pthread -fvisibility=hidden -fPIC  -D_FORTIFY_SOURCE=2   -pie conftest.c   >&5
clang: warning: argument unused during compilation: '-pie' [-Wunused-command-line-argument]
configure:7094: $? = 0
configure:7103: result: yes
configure:7122: checking whether C compiler accepts -fno-strict-aliasing
configure:7141: gcc -o conftest -g -O2 -pthread -fvisibility=hidden -fPIC -fPIE  -fno-strict-aliasing  -D_FORTIFY_SOURCE=2  -pie conftest.c   >&5
clang: warning: argument unused during compilation: '-pie' [-Wunused-command-line-argument]
configure:7141: $? = 0
configure:7150: result: yes
configure:7158: checking whether C compiler accepts -fno-strict-overflow
configure:7177: gcc -o conftest -g -O2 -pthread -fvisibility=hidden -fPIC -fPIE -fno-strict-aliasing  -fno-strict-overflow  -D_FORTIFY_SOURCE=2  -pie conftest.c   >&5
clang: warning: argument unused during compilation: '-pie' [-Wunused-command-line-argument]
configure:7177: $? = 0
configure:7186: result: yes
configure:7246: gcc -c -g -O2 -pthread -fvisibility=hidden -fPIC -fPIE -fno-strict-aliasing -fno-strict-overflow  -D_FORTIFY_SOURCE=2 conftest.c >&5
configure:7246: $? = 0
configure:7482: checking whether C compiler accepts -fstack-protector
configure:7501: gcc -o conftest -g -O2 -pthread -fvisibility=hidden -fPIC -fPIE -fno-strict-aliasing -fno-strict-overflow  -fstack-protector  -D_FORTIFY_SOURCE=2  -pie conftest.c   >&5
clang: warning: argument unused during compilation: '-pie' [-Wunused-command-line-argument]
configure:7501: $? = 0
configure:7510: result: yes
configure:7514: checking whether the linker accepts -fstack-protector
configure:7533: gcc -o conftest -g -O2 -pthread -fvisibility=hidden -fPIC -fPIE -fno-strict-aliasing -fno-strict-overflow  -D_FORTIFY_SOURCE=2  -pie  -fstack-protector conftest.c   >&5
clang: warning: argument unused during compilation: '-pie' [-Wunused-command-line-argument]
configure:7533: $? = 0
configure:7542: result: yes
configure:7566: checking whether C compiler accepts -g -O2 -pthread -fvisibility=hidden -fPIC -fPIE -fno-strict-aliasing -fno-strict-overflow -fstack-protector -Wall
configure:7585: gcc -o conftest -g -O2 -pthread -fvisibility=hidden -fPIC -fPIE -fno-strict-aliasing -fno-strict-overflow -fstack-protector  -g -O2 -pthread -fvisibility=hidden -fPIC -fPIE -fno-strict-aliasing -fno-strict-overflow -fstack-protector -Wall  -D_FORTIFY_SOURCE=2  -pie conftest.c   >&5
clang: warning: argument unused during compilation: '-pie' [-Wunused-command-line-argument]
configure:7585: $? = 0
configure:7595: result: yes
configure:7604: checking whether C compiler accepts -g -O2 -pthread -fvisibility=hidden -fPIC -fPIE -fno-strict-aliasing -fno-strict-overflow -fstack-protector -Wextra
configure:7623: gcc -o conftest -g -O2 -pthread -fvisibility=hidden -fPIC -fPIE -fno-strict-aliasing -fno-strict-overflow -fstack-protector  -g -O2 -pthread -fvisibility=hidden -fPIC -fPIE -fno-strict-aliasing -fno-strict-overflow -fstack-protector -Wextra  -D_FORTIFY_SOURCE=2  -pie conftest.c   >&5
clang: warning: argument unused during compilation: '-pie' [-Wunused-command-line-argument]
configure:7623: $? = 0
configure:7633: result: yes
configure:7642: checking for clang
configure:7659: gcc -c -g -O2 -pthread -fvisibility=hidden -fPIC -fPIE -fno-strict-aliasing -fno-strict-overflow -fstack-protector  -D_FORTIFY_SOURCE=2 conftest.c >&5
configure:7659: $? = 0
configure:7660: result: yes
configure:7663: checking whether C compiler accepts -g -O2 -pthread -fvisibility=hidden -fPIC -fPIE -fno-strict-aliasing -fno-strict-overflow -fstack-protector -Wextra -Wno-unknown-warning-option
configure:7682: gcc -o conftest -g -O2 -pthread -fvisibility=hidden -fPIC -fPIE -fno-strict-aliasing -fno-strict-overflow -fstack-protector  -g -O2 -pthread -fvisibility=hidden -fPIC -fPIE -fno-strict-aliasing -fno-strict-overflow -fstack-protector -Wextra -Wno-unknown-warning-option  -D_FORTIFY_SOURCE=2  -pie conftest.c   >&5
clang: warning: argument unused during compilation: '-pie' [-Wunused-command-line-argument]
configure:7682: $? = 0
configure:7692: result: yes
configure:7709: checking whether C compiler accepts -g -O2 -pthread -fvisibility=hidden -fPIC -fPIE -fno-strict-aliasing -fno-strict-overflow -fstack-protector -Wextra -Wno-unknown-warning-option -Wbad-function-cast
configure:7728: gcc -o conftest -g -O2 -pthread -fvisibility=hidden -fPIC -fPIE -fno-strict-aliasing -fno-strict-overflow -fstack-protector  -g -O2 -pthread -fvisibility=hidden -fPIC -fPIE -fno-strict-aliasing -fno-strict-overflow -fstack-protector -Wextra -Wno-unknown-warning-option -Wbad-function-cast  -D_FORTIFY_SOURCE=2  -pie conftest.c   >&5
clang: warning: argument unused during compilation: '-pie' [-Wunused-command-line-argument]
configure:7728: $? = 0
configure:7738: result: yes
configure:7747: checking whether C compiler accepts -g -O2 -pthread -fvisibility=hidden -fPIC -fPIE -fno-strict-aliasing -fno-strict-overflow -fstack-protector -Wextra -Wno-unknown-warning-option -Wbad-function-cast -Wcast-qual
configure:7766: gcc -o conftest -g -O2 -pthread -fvisibility=hidden -fPIC -fPIE -fno-strict-aliasing -fno-strict-overflow -fstack-protector  -g -O2 -pthread -fvisibility=hidden -fPIC -fPIE -fno-strict-aliasing -fno-strict-overflow -fstack-protector -Wextra -Wno-unknown-warning-option -Wbad-function-cast -Wcast-qual  -D_FORTIFY_SOURCE=2  -pie conftest.c   >&5
clang: warning: argument unused during compilation: '-pie' [-Wunused-command-line-argument]
configure:7766: $? = 0
configure:7776: result: yes
configure:7785: checking whether C compiler accepts -g -O2 -pthread -fvisibility=hidden -fPIC -fPIE -fno-strict-aliasing -fno-strict-overflow -fstack-protector -Wextra -Wno-unknown-warning-option -Wbad-function-cast -Wcast-qual -Wdiv-by-zero
configure:7804: gcc -o conftest -g -O2 -pthread -fvisibility=hidden -fPIC -fPIE -fno-strict-aliasing -fno-strict-overflow -fstack-protector  -g -O2 -pthread -fvisibility=hidden -fPIC -fPIE -fno-strict-aliasing -fno-strict-overflow -fstack-protector -Wextra -Wno-unknown-warning-option -Wbad-function-cast -Wcast-qual -Wdiv-by-zero  -D_FORTIFY_SOURCE=2  -pie conftest.c   >&5
clang: warning: argument unused during compilation: '-pie' [-Wunused-command-line-argument]
configure:7804: $? = 0
configure:7814: result: yes
configure:7823: checking whether C compiler accepts -g -O2 -pthread -fvisibility=hidden -fPIC -fPIE -fno-strict-aliasing -fno-strict-overflow -fstack-protector -Wextra -Wno-unknown-warning-option -Wbad-function-cast -Wcast-qual -Wdiv-by-zero -Wduplicated-branches
configure:7842: gcc -o conftest -g -O2 -pthread -fvisibility=hidden -fPIC -fPIE -fno-strict-aliasing -fno-strict-overflow -fstack-protector  -g -O2 -pthread -fvisibility=hidden -fPIC -fPIE -fno-strict-aliasing -fno-strict-overflow -fstack-protector -Wextra -Wno-unknown-warning-option -Wbad-function-cast -Wcast-qual -Wdiv-by-zero -Wduplicated-branches  -D_FORTIFY_SOURCE=2  -pie conftest.c   >&5
clang: warning: argument unused during compilation: '-pie' [-Wunused-command-line-argument]
configure:7842: $? = 0
configure:7852: result: yes
configure:7861: checking whether C compiler accepts -g -O2 -pthread -fvisibility=hidden -fPIC -fPIE -fno-strict-aliasing -fno-strict-overflow -fstack-protector -Wextra -Wno-unknown-warning-option -Wbad-function-cast -Wcast-qual -Wdiv-by-zero -Wduplicated-branches -Wduplicated-cond
configure:7880: gcc -o conftest -g -O2 -pthread -fvisibility=hidden -fPIC -fPIE -fno-strict-aliasing -fno-strict-overflow -fstack-protector  -g -O2 -pthread -fvisibility=hidden -fPIC -fPIE -fno-strict-aliasing -fno-strict-overflow -fstack-protector -Wextra -Wno-unknown-warning-option -Wbad-function-cast -Wcast-qual -Wdiv-by-zero -Wduplicated-branches -Wduplicated-cond  -D_FORTIFY_SOURCE=2  -pie conftest.c   >&5
clang: warning: argument unused during compilation: '-pie' [-Wunused-command-line-argument]
configure:7880: $? = 0
configure:7890: result: yes
configure:7899: checking whether C compiler accepts -g -O2 -pthread -fvisibility=hidden -fPIC -fPIE -fno-strict-aliasing -fno-strict-overflow -fstack-protector -Wextra -Wno-unknown-warning-option -Wbad-function-cast -Wcast-qual -Wdiv-by-zero -Wduplicated-branches -Wduplicated-cond -Wfloat-equal
configure:7918: gcc -o conftest -g -O2 -pthread -fvisibility=hidden -fPIC -fPIE -fno-strict-aliasing -fno-strict-overflow -fstack-protector  -g -O2 -pthread -fvisibility=hidden -fPIC -fPIE -fno-strict-aliasing -fno-strict-overflow -fstack-protector -Wextra -Wno-unknown-warning-option -Wbad-function-cast -Wcast-qual -Wdiv-by-zero -Wduplicated-branches -Wduplicated-cond -Wfloat-equal  -D_FORTIFY_SOURCE=2  -pie conftest.c   >&5
clang: warning: argument unused during compilation: '-pie' [-Wunused-command-line-argument]
configure:7918: $? = 0
configure:7928: result: yes
configure:7937: checking whether C compiler accepts -g -O2 -pthread -fvisibility=hidden -fPIC -fPIE -fno-strict-aliasing -fno-strict-overflow -fstack-protector -Wextra -Wno-unknown-warning-option -Wbad-function-cast -Wcast-qual -Wdiv-by-zero -Wduplicated-branches -Wduplicated-cond -Wfloat-equal -Wformat=2
configure:7956: gcc -o conftest -g -O2 -pthread -fvisibility=hidden -fPIC -fPIE -fno-strict-aliasing -fno-strict-overflow -fstack-protector  -g -O2 -pthread -fvisibility=hidden -fPIC -fPIE -fno-strict-aliasing -fno-strict-overflow -fstack-protector -Wextra -Wno-unknown-warning-option -Wbad-function-cast -Wcast-qual -Wdiv-by-zero -Wduplicated-branches -Wduplicated-cond -Wfloat-equal -Wformat=2  -D_FORTIFY_SOURCE=2  -pie conftest.c   >&5
clang: warning: argument unused during compilation: '-pie' [-Wunused-command-line-argument]
configure:7956: $? = 0
configure:7966: result: yes
configure:7975: checking whether C compiler accepts -g -O2 -pthread -fvisibility=hidden -fPIC -fPIE -fno-strict-aliasing -fno-strict-overflow -fstack-protector -Wextra -Wno-unknown-warning-option -Wbad-function-cast -Wcast-qual -Wdiv-by-zero -Wduplicated-branches -Wduplicated-cond -Wfloat-equal -Wformat=2 -Wlogical-op
configure:7994: gcc -o conftest -g -O2 -pthread -fvisibility=hidden -fPIC -fPIE -fno-strict-aliasing -fno-strict-overflow -fstack-protector  -g -O2 -pthread -fvisibility=hidden -fPIC -fPIE -fno-strict-aliasing -fno-strict-overflow -fstack-protector -Wextra -Wno-unknown-warning-option -Wbad-function-cast -Wcast-qual -Wdiv-by-zero -Wduplicated-branches -Wduplicated-cond -Wfloat-equal -Wformat=2 -Wlogical-op  -D_FORTIFY_SOURCE=2  -pie conftest.c   >&5
clang: warning: argument unused during compilation: '-pie' [-Wunused-command-line-argument]
configure:7994: $? = 0
configure:8004: result: yes
configure:8013: checking whether C compiler accepts -g -O2 -pthread -fvisibility=hidden -fPIC -fPIE -fno-strict-aliasing -fno-strict-overflow -fstack-protector -Wextra -Wno-unknown-warning-option -Wbad-function-cast -Wcast-qual -Wdiv-by-zero -Wduplicated-branches -Wduplicated-cond -Wfloat-equal -Wformat=2 -Wlogical-op -Wmaybe-uninitialized
configure:8032: gcc -o conftest -g -O2 -pthread -fvisibility=hidden -fPIC -fPIE -fno-strict-aliasing -fno-strict-overflow -fstack-protector  -g -O2 -pthread -fvisibility=hidden -fPIC -fPIE -fno-strict-aliasing -fno-strict-overflow -fstack-protector -Wextra -Wno-unknown-warning-option -Wbad-function-cast -Wcast-qual -Wdiv-by-zero -Wduplicated-branches -Wduplicated-cond -Wfloat-equal -Wformat=2 -Wlogical-op -Wmaybe-uninitialized  -D_FORTIFY_SOURCE=2  -pie conftest.c   >&5
clang: warning: argument unused during compilation: '-pie' [-Wunused-command-line-argument]
configure:8032: $? = 0
configure:8042: result: yes
configure:8051: checking whether C compiler accepts -g -O2 -pthread -fvisibility=hidden -fPIC -fPIE -fno-strict-aliasing -fno-strict-overflow -fstack-protector -Wextra -Wno-unknown-warning-option -Wbad-function-cast -Wcast-qual -Wdiv-by-zero -Wduplicated-branches -Wduplicated-cond -Wfloat-equal -Wformat=2 -Wlogical-op -Wmaybe-uninitialized -Wmisleading-indentation
configure:8070: gcc -o conftest -g -O2 -pthread -fvisibility=hidden -fPIC -fPIE -fno-strict-aliasing -fno-strict-overflow -fstack-protector  -g -O2 -pthread -fvisibility=hidden -fPIC -fPIE -fno-strict-aliasing -fno-strict-overflow -fstack-protector -Wextra -Wno-unknown-warning-option -Wbad-function-cast -Wcast-qual -Wdiv-by-zero -Wduplicated-branches -Wduplicated-cond -Wfloat-equal -Wformat=2 -Wlogical-op -Wmaybe-uninitialized -Wmisleading-indentation  -D_FORTIFY_SOURCE=2  -pie conftest.c   >&5
clang: warning: argument unused during compilation: '-pie' [-Wunused-command-line-argument]
configure:8070: $? = 0
configure:8080: result: yes
configure:8089: checking whether C compiler accepts -g -O2 -pthread -fvisibility=hidden -fPIC -fPIE -fno-strict-aliasing -fno-strict-overflow -fstack-protector -Wextra -Wno-unknown-warning-option -Wbad-function-cast -Wcast-qual -Wdiv-by-zero -Wduplicated-branches -Wduplicated-cond -Wfloat-equal -Wformat=2 -Wlogical-op -Wmaybe-uninitialized -Wmisleading-indentation -Wmissing-declarations
configure:8108: gcc -o conftest -g -O2 -pthread -fvisibility=hidden -fPIC -fPIE -fno-strict-aliasing -fno-strict-overflow -fstack-protector  -g -O2 -pthread -fvisibility=hidden -fPIC -fPIE -fno-strict-aliasing -fno-strict-overflow -fstack-protector -Wextra -Wno-unknown-warning-option -Wbad-function-cast -Wcast-qual -Wdiv-by-zero -Wduplicated-branches -Wduplicated-cond -Wfloat-equal -Wformat=2 -Wlogical-op -Wmaybe-uninitialized -Wmisleading-indentation -Wmissing-declarations  -D_FORTIFY_SOURCE=2  -pie conftest.c   >&5
clang: warning: argument unused during compilation: '-pie' [-Wunused-command-line-argument]
configure:8108: $? = 0
configure:8118: result: yes
configure:8127: checking whether C compiler accepts -g -O2 -pthread -fvisibility=hidden -fPIC -fPIE -fno-strict-aliasing -fno-strict-overflow -fstack-protector -Wextra -Wno-unknown-warning-option -Wbad-function-cast -Wcast-qual -Wdiv-by-zero -Wduplicated-branches -Wduplicated-cond -Wfloat-equal -Wformat=2 -Wlogical-op -Wmaybe-uninitialized -Wmisleading-indentation -Wmissing-declarations -Wmissing-prototypes
configure:8146: gcc -o conftest -g -O2 -pthread -fvisibility=hidden -fPIC -fPIE -fno-strict-aliasing -fno-strict-overflow -fstack-protector  -g -O2 -pthread -fvisibility=hidden -fPIC -fPIE -fno-strict-aliasing -fno-strict-overflow -fstack-protector -Wextra -Wno-unknown-warning-option -Wbad-function-cast -Wcast-qual -Wdiv-by-zero -Wduplicated-branches -Wduplicated-cond -Wfloat-equal -Wformat=2 -Wlogical-op -Wmaybe-uninitialized -Wmisleading-indentation -Wmissing-declarations -Wmissing-prototypes  -D_FORTIFY_SOURCE=2  -pie conftest.c   >&5
clang: warning: argument unused during compilation: '-pie' [-Wunused-command-line-argument]
configure:8146: $? = 0
configure:8156: result: yes
configure:8165: checking whether C compiler accepts -g -O2 -pthread -fvisibility=hidden -fPIC -fPIE -fno-strict-aliasing -fno-strict-overflow -fstack-protector -Wextra -Wno-unknown-warning-option -Wbad-function-cast -Wcast-qual -Wdiv-by-zero -Wduplicated-branches -Wduplicated-cond -Wfloat-equal -Wformat=2 -Wlogical-op -Wmaybe-uninitialized -Wmisleading-indentation -Wmissing-declarations -Wmissing-prototypes -Wnested-externs
configure:8184: gcc -o conftest -g -O2 -pthread -fvisibility=hidden -fPIC -fPIE -fno-strict-aliasing -fno-strict-overflow -fstack-protector  -g -O2 -pthread -fvisibility=hidden -fPIC -fPIE -fno-strict-aliasing -fno-strict-overflow -fstack-protector -Wextra -Wno-unknown-warning-option -Wbad-function-cast -Wcast-qual -Wdiv-by-zero -Wduplicated-branches -Wduplicated-cond -Wfloat-equal -Wformat=2 -Wlogical-op -Wmaybe-uninitialized -Wmisleading-indentation -Wmissing-declarations -Wmissing-prototypes -Wnested-externs  -D_FORTIFY_SOURCE=2  -pie conftest.c   >&5
clang: warning: argument unused during compilation: '-pie' [-Wunused-command-line-argument]
configure:8184: $? = 0
configure:8194: result: yes
configure:8203: checking whether C compiler accepts -g -O2 -pthread -fvisibility=hidden -fPIC -fPIE -fno-strict-aliasing -fno-strict-overflow -fstack-protector -Wextra -Wno-unknown-warning-option -Wbad-function-cast -Wcast-qual -Wdiv-by-zero -Wduplicated-branches -Wduplicated-cond -Wfloat-equal -Wformat=2 -Wlogical-op -Wmaybe-uninitialized -Wmisleading-indentation -Wmissing-declarations -Wmissing-prototypes -Wnested-externs -Wno-type-limits
configure:8222: gcc -o conftest -g -O2 -pthread -fvisibility=hidden -fPIC -fPIE -fno-strict-aliasing -fno-strict-overflow -fstack-protector  -g -O2 -pthread -fvisibility=hidden -fPIC -fPIE -fno-strict-aliasing -fno-strict-overflow -fstack-protector -Wextra -Wno-unknown-warning-option -Wbad-function-cast -Wcast-qual -Wdiv-by-zero -Wduplicated-branches -Wduplicated-cond -Wfloat-equal -Wformat=2 -Wlogical-op -Wmaybe-uninitialized -Wmisleading-indentation -Wmissing-declarations -Wmissing-prototypes -Wnested-externs -Wno-type-limits  -D_FORTIFY_SOURCE=2  -pie conftest.c   >&5

## ---------------- ##
## Cache variables. ##
## ---------------- ##

ac_cv_build=x86_64-apple-darwin18.6.0
ac_cv_c_compiler_gnu=yes
ac_cv_c_vararrays=yes
ac_cv_defined__FORTIFY_SOURCE=no
ac_cv_defined___native_client__=no
ac_cv_env_AR_set=
ac_cv_env_AR_value=
ac_cv_env_CCASFLAGS_set=
ac_cv_env_CCASFLAGS_value=
ac_cv_env_CCAS_set=
ac_cv_env_CCAS_value=
ac_cv_env_CC_set=
ac_cv_env_CC_value=
ac_cv_env_CFLAGS_set=
ac_cv_env_CFLAGS_value=
ac_cv_env_CPPFLAGS_set=
ac_cv_env_CPPFLAGS_value=
ac_cv_env_CPP_set=
ac_cv_env_CPP_value=
ac_cv_env_CWFLAGS_set=
ac_cv_env_CWFLAGS_value=
ac_cv_env_LDFLAGS_set=
ac_cv_env_LDFLAGS_value=
ac_cv_env_LIBS_set=
ac_cv_env_LIBS_value=
ac_cv_env_LT_SYS_LIBRARY_PATH_set=
ac_cv_env_LT_SYS_LIBRARY_PATH_value=
ac_cv_env_SAFECODE_HOME_set=
ac_cv_env_SAFECODE_HOME_value=
ac_cv_env_build_alias_set=
ac_cv_env_build_alias_value=
ac_cv_env_host_alias_set=
ac_cv_env_host_alias_value=
ac_cv_env_target_alias_set=
ac_cv_env_target_alias_value=
ac_cv_header_inttypes_h=yes
ac_cv_header_memory_h=yes
ac_cv_header_minix_config_h=no
ac_cv_header_stdc=yes
ac_cv_header_stdint_h=yes
ac_cv_header_stdlib_h=yes
ac_cv_header_string_h=yes
ac_cv_header_strings_h=yes
ac_cv_header_sys_stat_h=yes
ac_cv_header_sys_types_h=yes
ac_cv_header_unistd_h=yes
ac_cv_host=x86_64-apple-darwin18.6.0
ac_cv_objext=o
ac_cv_path_EGREP='/usr/bin/grep -E'
ac_cv_path_GREP=/usr/bin/grep
ac_cv_path_SED=/usr/bin/sed
ac_cv_path_install='/usr/bin/install -c'
ac_cv_prog_AWK=awk
ac_cv_prog_CPP='gcc -E'
ac_cv_prog_ac_ct_CC=gcc
ac_cv_prog_cc_c89=
ac_cv_prog_cc_c99=
ac_cv_prog_cc_g=yes
ac_cv_prog_make_make_set=yes
ac_cv_safe_to_define___extensions__=yes
am_cv_CCAS_dependencies_compiler_type=gcc3
am_cv_CC_dependencies_compiler_type=gcc3
am_cv_make_support_nested_variables=yes
am_cv_prog_cc_c_o=yes
am_cv_prog_tar_ustar=gnutar
ax_cv_PTHREAD_CLANG=yes
ax_cv_PTHREAD_CLANG_NO_WARN_FLAG=no
ax_cv_PTHREAD_JOINABLE_ATTR=PTHREAD_CREATE_JOINABLE
ax_cv_PTHREAD_PRIO_INHERIT=yes
ax_cv_PTHREAD_SPECIAL_FLAGS=no
ax_cv_check_cflags___D_FORTIFY_SOURCE_2=yes
ax_cv_check_cflags___fPIC=yes
ax_cv_check_cflags___fPIE=yes
ax_cv_check_cflags___fno_strict_aliasing=yes
ax_cv_check_cflags___fno_strict_overflow=yes
ax_cv_check_cflags___fstack_protector=yes
ax_cv_check_cflags___fvisibility_hidden=yes
ax_cv_check_cflags___g__O2__pthread__fvisibility_hidden__fPIC__fPIE__fno_strict_aliasing__fno_strict_overflow__fstack_protector__Wall=yes
ax_cv_check_cflags___g__O2__pthread__fvisibility_hidden__fPIC__fPIE__fno_strict_aliasing__fno_strict_overflow__fstack_protector__Wextra=yes
ax_cv_check_cflags___g__O2__pthread__fvisibility_hidden__fPIC__fPIE__fno_strict_aliasing__fno_strict_overflow__fstack_protector__Wextra__Wno_unknown_warning_option=yes
ax_cv_check_cflags___g__O2__pthread__fvisibility_hidden__fPIC__fPIE__fno_strict_aliasing__fno_strict_overflow__fstack_protector__Wextra__Wno_unknown_warning_option__Wbad_function_cast=yes
ax_cv_check_cflags___g__O2__pthread__fvisibility_hidden__fPIC__fPIE__fno_strict_aliasing__fno_strict_overflow__fstack_protector__Wextra__Wno_unknown_warning_option__Wbad_function_cast__Wcast_qual=yes
ax_cv_check_cflags___g__O2__pthread__fvisibility_hidden__fPIC__fPIE__fno_strict_aliasing__fno_strict_overflow__fstack_protector__Wextra__Wno_unknown_warning_option__Wbad_function_cast__Wcast_qual__Wdiv_by_zero=yes
ax_cv_check_cflags___g__O2__pthread__fvisibility_hidden__fPIC__fPIE__fno_strict_aliasing__fno_strict_overflow__fstack_protector__Wextra__Wno_unknown_warning_option__Wbad_function_cast__Wcast_qual__Wdiv_by_zero__Wduplicated_branches=yes
ax_cv_check_cflags___g__O2__pthread__fvisibility_hidden__fPIC__fPIE__fno_strict_aliasing__fno_strict_overflow__fstack_protector__Wextra__Wno_unknown_warning_option__Wbad_function_cast__Wcast_qual__Wdiv_by_zero__Wduplicated_branches__Wduplicated_cond=yes
ax_cv_check_cflags___g__O2__pthread__fvisibility_hidden__fPIC__fPIE__fno_strict_aliasing__fno_strict_overflow__fstack_protector__Wextra__Wno_unknown_warning_option__Wbad_function_cast__Wcast_qual__Wdiv_by_zero__Wduplicated_branches__Wduplicated_cond__Wfloat_equal=yes
ax_cv_check_cflags___g__O2__pthread__fvisibility_hidden__fPIC__fPIE__fno_strict_aliasing__fno_strict_overflow__fstack_protector__Wextra__Wno_unknown_warning_option__Wbad_function_cast__Wcast_qual__Wdiv_by_zero__Wduplicated_branches__Wduplicated_cond__Wfloat_equal__Wformat_2=yes
ax_cv_check_cflags___g__O2__pthread__fvisibility_hidden__fPIC__fPIE__fno_strict_aliasing__fno_strict_overflow__fstack_protector__Wextra__Wno_unknown_warning_option__Wbad_function_cast__Wcast_qual__Wdiv_by_zero__Wduplicated_branches__Wduplicated_cond__Wfloat_equal__Wformat_2__Wlogical_op=yes
ax_cv_check_cflags___g__O2__pthread__fvisibility_hidden__fPIC__fPIE__fno_strict_aliasing__fno_strict_overflow__fstack_protector__Wextra__Wno_unknown_warning_option__Wbad_function_cast__Wcast_qual__Wdiv_by_zero__Wduplicated_branches__Wduplicated_cond__Wfloat_equal__Wformat_2__Wlogical_op__Wmaybe_uninitialized=yes
ax_cv_check_cflags___g__O2__pthread__fvisibility_hidden__fPIC__fPIE__fno_strict_aliasing__fno_strict_overflow__fstack_protector__Wextra__Wno_unknown_warning_option__Wbad_function_cast__Wcast_qual__Wdiv_by_zero__Wduplicated_branches__Wduplicated_cond__Wfloat_equal__Wformat_2__Wlogical_op__Wmaybe_uninitialized__Wmisleading_indentation=yes
ax_cv_check_cflags___g__O2__pthread__fvisibility_hidden__fPIC__fPIE__fno_strict_aliasing__fno_strict_overflow__fstack_protector__Wextra__Wno_unknown_warning_option__Wbad_function_cast__Wcast_qual__Wdiv_by_zero__Wduplicated_branches__Wduplicated_cond__Wfloat_equal__Wformat_2__Wlogical_op__Wmaybe_uninitialized__Wmisleading_indentation__Wmissing_declarations=yes
ax_cv_check_cflags___g__O2__pthread__fvisibility_hidden__fPIC__fPIE__fno_strict_aliasing__fno_strict_overflow__fstack_protector__Wextra__Wno_unknown_warning_option__Wbad_function_cast__Wcast_qual__Wdiv_by_zero__Wduplicated_branches__Wduplicated_cond__Wfloat_equal__Wformat_2__Wlogical_op__Wmaybe_uninitialized__Wmisleading_indentation__Wmissing_declarations__Wmissing_prototypes=yes
ax_cv_check_cflags___g__O2__pthread__fvisibility_hidden__fPIC__fPIE__fno_strict_aliasing__fno_strict_overflow__fstack_protector__Wextra__Wno_unknown_warning_option__Wbad_function_cast__Wcast_qual__Wdiv_by_zero__Wduplicated_branches__Wduplicated_cond__Wfloat_equal__Wformat_2__Wlogical_op__Wmaybe_uninitialized__Wmisleading_indentation__Wmissing_declarations__Wmissing_prototypes__Wnested_externs=yes
ax_cv_check_ldflags___fstack_protector=yes
ax_cv_check_ldflags___pie=yes

## ----------------- ##
## Output variables. ##
## ----------------- ##

	@echo "Need to use GNU make and reconfigure with --enable-valgrind"'
ACLOCAL='${SHELL} /Users/qxc/go/src/awesome-algo/crypto/libsodium-fork/build-aux/missing aclocal-1.16'
ALLOCA=''
AMDEPBACKSLASH='\'
AMDEP_FALSE='#'
AMDEP_TRUE=''
AMTAR='$${TAR-tar}'
AM_BACKSLASH='\'
AM_DEFAULT_V='$(AM_DEFAULT_VERBOSITY)'
AM_DEFAULT_VERBOSITY='0'
AM_V='$(V)'
AR=''
AS=''
AUTOCONF='${SHELL} /Users/qxc/go/src/awesome-algo/crypto/libsodium-fork/build-aux/missing autoconf'
AUTOHEADER='${SHELL} /Users/qxc/go/src/awesome-algo/crypto/libsodium-fork/build-aux/missing autoheader'
AUTOMAKE='${SHELL} /Users/qxc/go/src/awesome-algo/crypto/libsodium-fork/build-aux/missing automake-1.16'
AWK='awk'
CC='gcc'
CCAS='gcc'
CCASDEPMODE='depmode=gcc3'
CCASFLAGS='-g -O2 -pthread'
CCDEPMODE='depmode=gcc3'
CFLAGS='-g -O2 -pthread -fvisibility=hidden -fPIC -fPIE -fno-strict-aliasing -fno-strict-overflow -fstack-protector  -g -O2 -pthread -fvisibility=hidden -fPIC -fPIE -fno-strict-aliasing -fno-strict-overflow -fstack-protector -Wextra -Wno-unknown-warning-option -Wbad-function-cast -Wcast-qual -Wdiv-by-zero -Wduplicated-branches -Wduplicated-cond -Wfloat-equal -Wformat=2 -Wlogical-op -Wmaybe-uninitialized -Wmisleading-indentation -Wmissing-declarations -Wmissing-prototypes -Wnested-externs -Wno-type-limits'
CFLAGS_AESNI=''
CFLAGS_AVX2=''
CFLAGS_AVX512F=''
CFLAGS_AVX=''
CFLAGS_MMX=''
CFLAGS_PCLMUL=''
CFLAGS_RDRAND=''
CFLAGS_SSE2=''
CFLAGS_SSE3=''
CFLAGS_SSE41=''
CFLAGS_SSSE3=''
CPP='gcc -E'
CPPFLAGS=' -D_FORTIFY_SOURCE=2'
CWFLAGS='-g -O2 -pthread -fvisibility=hidden -fPIC -fPIE -fno-strict-aliasing -fno-strict-overflow -fstack-protector -Wextra -Wno-unknown-warning-option -Wbad-function-cast -Wcast-qual -Wdiv-by-zero -Wduplicated-branches -Wduplicated-cond -Wfloat-equal -Wformat=2 -Wlogical-op -Wmaybe-uninitialized -Wmisleading-indentation -Wmissing-declarations -Wmissing-prototypes -Wnested-externs'
CYGPATH_W='echo'
DEFS=''
DEPDIR='.deps'
DLLTOOL=''
DLL_VERSION='23'
DSYMUTIL=''
DUMPBIN=''
ECHO_C='\c'
ECHO_N=''
ECHO_T=''
EGREP='/usr/bin/grep -E'
EMSCRIPTEN_FALSE=''
EMSCRIPTEN_TRUE=''
ENABLE_VALGRIND_drd='no'
ENABLE_VALGRIND_helgrind='no'
ENABLE_VALGRIND_memcheck='no'
ENABLE_VALGRIND_sgcheck='no'
EXEEXT=''
FGREP=''
GREP='/usr/bin/grep'
HAVE_AMD64_ASM_FALSE=''
HAVE_AMD64_ASM_TRUE=''
HAVE_AMD64_ASM_V=''
HAVE_AVX_ASM_FALSE=''
HAVE_AVX_ASM_TRUE=''
HAVE_AVX_ASM_V=''
HAVE_CPUID_V=''
HAVE_LD_OUTPUT_DEF_FALSE=''
HAVE_LD_OUTPUT_DEF_TRUE=''
HAVE_TI_MODE_FALSE=''
HAVE_TI_MODE_TRUE=''
HAVE_TI_MODE_V=''
INSTALL_DATA='${INSTALL} -m 644'
INSTALL_PROGRAM='${INSTALL}'
INSTALL_SCRIPT='${INSTALL}'
INSTALL_STRIP_PROGRAM='$(install_sh) -c -s'
LD=''
LDFLAGS=' -pie'
LIBOBJS=''
LIBS=' '
LIBTOOL=''
LIBTOOL_DEPS=''
LIBTOOL_EXTRA_FLAGS=' -version-info 25:0:2'
LIPO=''
LN_S=''
LTLIBOBJS=''
LT_SYS_LIBRARY_PATH=''
MAINT='#'
MAINTAINER_MODE_FALSE=''
MAINTAINER_MODE_TRUE='#'
MAKEINFO='${SHELL} /Users/qxc/go/src/awesome-algo/crypto/libsodium-fork/build-aux/missing makeinfo'
MANIFEST_TOOL=''
MINIMAL_FALSE=''
MINIMAL_TRUE='#'
MKDIR_P='build-aux/install-sh -c -d'
NATIVECLIENT_FALSE=''
NATIVECLIENT_TRUE=''
NM=''
NMEDIT=''
OBJDUMP=''
OBJEXT='o'
OTOOL64=''
OTOOL=''
PACKAGE='libsodium'
PACKAGE_BUGREPORT='https://github.com/jedisct1/libsodium/issues'
PACKAGE_NAME='libsodium'
PACKAGE_STRING='libsodium 1.0.17'
PACKAGE_TARNAME='libsodium'
PACKAGE_URL='https://github.com/jedisct1/libsodium'
PACKAGE_VERSION='1.0.17'
PATH_SEPARATOR=':'
PKGCONFIG_LIBS_PRIVATE=' -pthread '
PTHREAD_CC='gcc'
PTHREAD_CFLAGS='-pthread'
PTHREAD_LIBS=''
RANLIB=''
SAFECODE_HOME=''
SED='/usr/bin/sed'
SET_MAKE=''
SHELL='/bin/sh'
SODIUM_LIBRARY_MINIMAL_DEF=''
SODIUM_LIBRARY_VERSION='25:0:2'
SODIUM_LIBRARY_VERSION_MAJOR='10'
SODIUM_LIBRARY_VERSION_MINOR='2'
STRIP=''
TEST_LDFLAGS=''
VALGRIND=''
VALGRIND_CHECK_RULES='
VALGRIND_ENABLED='no'
VALGRIND_ENABLED_FALSE=''
VALGRIND_ENABLED_TRUE='#'
VERSION='1.0.17'
ac_ct_AR=''
ac_ct_CC='gcc'
ac_ct_DUMPBIN=''
am__EXEEXT_FALSE=''
am__EXEEXT_TRUE=''
am__fastdepCCAS_FALSE='#'
am__fastdepCCAS_TRUE=''
am__fastdepCC_FALSE='#'
am__fastdepCC_TRUE=''
am__include='include'
am__isrc=''
am__leading_dot='.'
am__nodep='_no'
am__quote=''
am__tar='tar --format=ustar -chf - "$$tardir"'
am__untar='tar -xf -'
ax_pthread_config=''
bindir='${exec_prefix}/bin'
build='x86_64-apple-darwin18.6.0'
build_alias=''
build_cpu='x86_64'
build_os='darwin18.6.0'
build_vendor='apple'
check-valgrind:
datadir='${datarootdir}'
datarootdir='${prefix}/share'
docdir='${datarootdir}/doc/${PACKAGE_TARNAME}'
dvidir='${docdir}'
exec_prefix='NONE'
host='x86_64-apple-darwin18.6.0'
host_alias=''
host_cpu='x86_64'
host_os='darwin18.6.0'
host_vendor='apple'
htmldir='${docdir}'
includedir='${prefix}/include'
infodir='${datarootdir}/info'
install_sh='${SHELL} /Users/qxc/go/src/awesome-algo/crypto/libsodium-fork/build-aux/install-sh'
libdir='${exec_prefix}/lib'
libexecdir='${exec_prefix}/libexec'
localedir='${datarootdir}/locale'
localstatedir='${prefix}/var'
mandir='${datarootdir}/man'
mkdir_p='$(MKDIR_P)'
oldincludedir='/usr/include'
pdfdir='${docdir}'
prefix='/Users/qxc/go/src/awesome-algo/crypto'
program_transform_name='s,x,x,'
psdir='${docdir}'
sbindir='${exec_prefix}/sbin'
sharedstatedir='${prefix}/com'
sysconfdir='${prefix}/etc'
target_alias=''
valgrind_enabled_tools=''
valgrind_tools='memcheck helgrind drd sgcheck'

## ----------- ##
## confdefs.h. ##
## ----------- ##

/* confdefs.h */
#define PACKAGE_NAME "libsodium"
#define PACKAGE_TARNAME "libsodium"
#define PACKAGE_VERSION "1.0.17"
#define PACKAGE_STRING "libsodium 1.0.17"
#define PACKAGE_BUGREPORT "https://github.com/jedisct1/libsodium/issues"
#define PACKAGE_URL "https://github.com/jedisct1/libsodium"
#define PACKAGE "libsodium"
#define VERSION "1.0.17"
#define HAVE_PTHREAD_PRIO_INHERIT 1
#define HAVE_PTHREAD 1
#define STDC_HEADERS 1
#define HAVE_SYS_TYPES_H 1
#define HAVE_SYS_STAT_H 1
#define HAVE_STDLIB_H 1
#define HAVE_STRING_H 1
#define HAVE_MEMORY_H 1
#define HAVE_STRINGS_H 1
#define HAVE_INTTYPES_H 1
#define HAVE_STDINT_H 1
#define HAVE_UNISTD_H 1
#define __EXTENSIONS__ 1
#define _ALL_SOURCE 1
#define _GNU_SOURCE 1
#define _POSIX_PTHREAD_SEMANTICS 1
#define _TANDEM_SOURCE 1
#define HAVE_C_VARARRAYS 1

configure: caught signal 2
configure: exit 1
